"../../../Engine/Content/EngineMaterials/T_Default_Material_Grid_M.ubulk" 0
"../../../Engine/Content/EngineMaterials/T_Default_Material_Grid_M.uasset" 1
"../../../Engine/Content/EngineMaterials/T_Default_Material_Grid_M.uexp" 2
"../../../Engine/Content/EngineMaterials/T_Default_Material_Grid_N.ubulk" 3
"../../../Engine/Content/EngineMaterials/T_Default_Material_Grid_N.uasset" 4
"../../../Engine/Content/EngineMaterials/T_Default_Material_Grid_N.uexp" 5
"../../../Engine/Content/Functions/Engine_MaterialFunctions01/Opacity/CameraDepthFade.uasset" 6
"../../../Engine/Content/Functions/Engine_MaterialFunctions01/Opacity/CameraDepthFade.uexp" 7
"../../../Engine/Content/EngineMaterials/DefaultMaterial.uasset" 8
"../../../Engine/Content/EngineMaterials/DefaultMaterial.uexp" 9
"../../../Engine/Content/BasicShapes/Sphere.uasset" 10
"../../../Engine/Content/BasicShapes/Sphere.uexp" 11
"../../../Engine/Content/EngineMaterials/WorldGridMaterial.uasset" 12
"../../../Engine/Content/EngineMaterials/WorldGridMaterial.uexp" 13
"../../../Engine/Content/BasicShapes/Plane.uasset" 14
"../../../Engine/Content/BasicShapes/Plane.uexp" 15
"../../../Engine/Content/BasicShapes/Cylinder.uasset" 16
"../../../Engine/Content/BasicShapes/Cylinder.uexp" 17
"../../../Engine/Content/BasicShapes/Cube.uasset" 18
"../../../Engine/Content/BasicShapes/Cube.uexp" 19
"../../../Engine/Content/BasicShapes/Cone.uasset" 20
"../../../Engine/Content/BasicShapes/Cone.uexp" 21
"../../../Engine/Content/ArtTools/RenderToTexture/Meshes/S_1_Unit_Plane.uasset" 22
"../../../Engine/Content/ArtTools/RenderToTexture/Meshes/S_1_Unit_Plane.uexp" 23
"../../../Engine/Content/Functions/Engine_MaterialFunctions02/Utility/MakeFloat4.uasset" 24
"../../../Engine/Content/Functions/Engine_MaterialFunctions02/Utility/MakeFloat4.uexp" 25
"../../../Engine/Content/Functions/Engine_MaterialFunctions02/Utility/MakeFloat3.uasset" 26
"../../../Engine/Content/Functions/Engine_MaterialFunctions02/Utility/MakeFloat3.uexp" 27
"../../../Engine/Content/Functions/Engine_MaterialFunctions02/Utility/BreakOutFloat3Components.uasset" 28
"../../../Engine/Content/Functions/Engine_MaterialFunctions02/Utility/BreakOutFloat3Components.uexp" 29
"../../../Engine/Content/EngineDamageTypes/DmgTypeBP_Environmental.uasset" 30
"../../../Engine/Content/EngineDamageTypes/DmgTypeBP_Environmental.uexp" 31
"../../../Engine/Content/Functions/Engine_MaterialFunctions02/Utility/CameraDirectionVector.uasset" 32
"../../../Engine/Content/Functions/Engine_MaterialFunctions02/Utility/CameraDirectionVector.uexp" 33
"../../../Engine/Content/EngineDebugMaterials/VolumeToRender.uasset" 34
"../../../Engine/Content/EngineDebugMaterials/VolumeToRender.uexp" 35
"../../../Engine/Content/EngineDebugMaterials/M_VolumeRenderSphereTracePP.uasset" 36
"../../../Engine/Content/EngineDebugMaterials/M_VolumeRenderSphereTracePP.uexp" 37
"../../../Engine/Content/EngineDebugMaterials/M_SimpleUnlitTranslucent.uasset" 38
"../../../Engine/Content/EngineDebugMaterials/M_SimpleUnlitTranslucent.uexp" 39
"../../../Engine/Content/EngineDebugMaterials/DebugMeshMaterial.uasset" 40
"../../../Engine/Content/EngineDebugMaterials/DebugMeshMaterial.uexp" 41
"../../../Engine/Content/EngineDebugMaterials/DebugEditorMaterial.uasset" 42
"../../../Engine/Content/EngineDebugMaterials/DebugEditorMaterial.uexp" 43
"../../../Engine/Content/EngineFonts/Faces/RobotoLight.uexp" 44
"../../../Engine/Content/EngineFonts/Faces/RobotoLight.uasset" 45
"../../../Engine/Content/EngineFonts/Faces/RobotoLight.ufont" 46
"../../../Engine/Content/EngineFonts/Faces/RobotoBold.uexp" 47
"../../../Engine/Content/EngineFonts/Faces/RobotoBold.uasset" 48
"../../../Engine/Content/EngineFonts/Faces/RobotoBold.ufont" 49
"../../../Engine/Content/EngineFonts/Faces/RobotoRegular.uexp" 50
"../../../Engine/Content/EngineFonts/Faces/RobotoRegular.uasset" 51
"../../../Engine/Content/EngineFonts/Faces/RobotoRegular.ufont" 52
"../../../Engine/Content/EngineFonts/Faces/DroidSansFallback.uexp" 53
"../../../Engine/Content/EngineFonts/Faces/DroidSansFallback.uasset" 54
"../../../Engine/Content/EngineFonts/Faces/DroidSansFallback.ufont" 55
"../../../Engine/Content/EngineFonts/Faces/RobotoItalic.uexp" 56
"../../../Engine/Content/EngineFonts/Faces/RobotoItalic.uasset" 57
"../../../Engine/Content/EngineFonts/Faces/RobotoItalic.ufont" 58
"../../../Engine/Content/EngineFonts/Faces/RobotoBoldItalic.uexp" 59
"../../../Engine/Content/EngineFonts/Faces/RobotoBoldItalic.uasset" 60
"../../../Engine/Content/EngineFonts/Faces/RobotoBoldItalic.ufont" 61
"../../../Engine/Content/EngineFonts/Roboto.uasset" 62
"../../../Engine/Content/EngineFonts/Roboto.uexp" 63
"../../../Engine/Content/EngineResources/WhiteSquareTexture.uasset" 64
"../../../Engine/Content/EngineResources/WhiteSquareTexture.uexp" 65
"../../../Engine/Content/EngineMaterials/Widget3DPassThrough.uasset" 66
"../../../Engine/Content/EngineMaterials/Widget3DPassThrough.uexp" 67
"../../../Engine/Content/EngineMaterials/Widget3DPassThrough_Translucent.uasset" 68
"../../../Engine/Content/EngineMaterials/Widget3DPassThrough_Translucent.uexp" 69
"../../../Engine/Content/EngineMaterials/Widget3DPassThrough_Translucent_OneSided.uasset" 70
"../../../Engine/Content/EngineMaterials/Widget3DPassThrough_Translucent_OneSided.uexp" 71
"../../../Engine/Content/EngineMaterials/Widget3DPassThrough_Opaque.uasset" 72
"../../../Engine/Content/EngineMaterials/Widget3DPassThrough_Opaque.uexp" 73
"../../../Engine/Content/EngineMaterials/Widget3DPassThrough_Opaque_OneSided.uasset" 74
"../../../Engine/Content/EngineMaterials/Widget3DPassThrough_Opaque_OneSided.uexp" 75
"../../../Engine/Content/EngineMaterials/Widget3DPassThrough_Masked_OneSided.uasset" 76
"../../../Engine/Content/EngineMaterials/Widget3DPassThrough_Masked_OneSided.uexp" 77
"../../../Engine/Content/EngineMaterials/Widget3DPassThrough_Masked.uasset" 78
"../../../Engine/Content/EngineMaterials/Widget3DPassThrough_Masked.uexp" 79
"../../../Engine/Content/EngineMaterials/WeightMapPlaceholderTexture.uasset" 80
"../../../Engine/Content/EngineMaterials/WeightMapPlaceholderTexture.uexp" 81
"../../../Engine/Content/EngineMaterials/RemoveSurfaceMaterial.uasset" 82
"../../../Engine/Content/EngineMaterials/RemoveSurfaceMaterial.uexp" 83
"../../../Engine/Content/EngineMaterials/PreintegratedSkinBRDF.uasset" 84
"../../../Engine/Content/EngineMaterials/PreintegratedSkinBRDF.uexp" 85
"../../../Engine/Content/EngineMaterials/DefaultCalibrationGrayscale.uasset" 86
"../../../Engine/Content/EngineMaterials/DefaultCalibrationGrayscale.uexp" 87
"../../../Engine/Content/EngineMaterials/PPM_DefaultCalibrationGrayscale.uasset" 88
"../../../Engine/Content/EngineMaterials/PPM_DefaultCalibrationGrayscale.uexp" 89
"../../../Engine/Content/EngineMaterials/DefaultCalibrationColor.uasset" 90
"../../../Engine/Content/EngineMaterials/DefaultCalibrationColor.uexp" 91
"../../../Engine/Content/EngineMaterials/PPM_DefaultCalibrationColor.uasset" 92
"../../../Engine/Content/EngineMaterials/PPM_DefaultCalibrationColor.uexp" 93
"../../../Engine/Content/Functions/Engine_MaterialFunctions02/WorldPositionOffset/CameraOffset.uasset" 94
"../../../Engine/Content/Functions/Engine_MaterialFunctions02/WorldPositionOffset/CameraOffset.uexp" 95
"../../../Engine/Content/EngineMaterials/PhAT_JointLimitMaterial.uasset" 96
"../../../Engine/Content/EngineMaterials/PhAT_JointLimitMaterial.uexp" 97
"../../../Engine/Content/EngineMaterials/InvalidLightmapSettings.ubulk" 98
"../../../Engine/Content/EngineMaterials/InvalidLightmapSettings.uasset" 99
"../../../Engine/Content/EngineMaterials/InvalidLightmapSettings.uexp" 100
"../../../Engine/Content/EngineMaterials/M_InvalidLightmapSettings.uasset" 101
"../../../Engine/Content/EngineMaterials/M_InvalidLightmapSettings.uexp" 102
"../../../Engine/Content/EngineMaterials/MiniFont.uasset" 103
"../../../Engine/Content/EngineMaterials/MiniFont.uexp" 104
"../../../Engine/Content/EngineMaterials/Good64x64TilingNoiseHighFreq.uasset" 105
"../../../Engine/Content/EngineMaterials/Good64x64TilingNoiseHighFreq.uexp" 106
"../../../Engine/Content/EngineMaterials/GizmoMaterial.uasset" 107
"../../../Engine/Content/EngineMaterials/GizmoMaterial.uexp" 108
"../../../Engine/Content/EngineMaterials/BaseFlattenEmissiveMap_VT.uasset" 109
"../../../Engine/Content/EngineMaterials/BaseFlattenEmissiveMap_VT.uexp" 110
"../../../Engine/Content/EngineMaterials/BaseFlattenGrayscaleMap_VT.uasset" 111
"../../../Engine/Content/EngineMaterials/BaseFlattenGrayscaleMap_VT.uexp" 112
"../../../Engine/Content/EngineMaterials/BaseFlattenLinearColor_VT.uasset" 113
"../../../Engine/Content/EngineMaterials/BaseFlattenLinearColor_VT.uexp" 114
"../../../Engine/Content/EngineMaterials/Black_1x1_EXR_Texture_VT.uasset" 115
"../../../Engine/Content/EngineMaterials/Black_1x1_EXR_Texture_VT.uexp" 116
"../../../Engine/Content/EngineMaterials/BaseFlattenDiffuseMap_VT.uasset" 117
"../../../Engine/Content/EngineMaterials/BaseFlattenDiffuseMap_VT.uexp" 118
"../../../Engine/Content/EngineMaterials/BaseFlattenNormalMap_VT.uasset" 119
"../../../Engine/Content/EngineMaterials/BaseFlattenNormalMap_VT.uexp" 120
"../../../Engine/Content/EngineMaterials/FlattenMaterial_WS_Normal_VT.uasset" 121
"../../../Engine/Content/EngineMaterials/FlattenMaterial_WS_Normal_VT.uexp" 122
"../../../Engine/Content/EngineMaterials/FlattenMaterial_VT.uasset" 123
"../../../Engine/Content/EngineMaterials/FlattenMaterial_VT.uexp" 124
"../../../Engine/Content/EngineMaterials/BaseFlattenNormalMap.uasset" 125
"../../../Engine/Content/EngineMaterials/BaseFlattenNormalMap.uexp" 126
"../../../Engine/Content/EngineMaterials/BaseFlattenGrayscaleMap.uasset" 127
"../../../Engine/Content/EngineMaterials/BaseFlattenGrayscaleMap.uexp" 128
"../../../Engine/Content/EngineMaterials/BaseFlattenDiffuseMap.uasset" 129
"../../../Engine/Content/EngineMaterials/BaseFlattenDiffuseMap.uexp" 130
"../../../Engine/Content/Functions/Engine_MaterialFunctions02/PivotPainter2/Black_1x1_EXR_Texture.uasset" 131
"../../../Engine/Content/Functions/Engine_MaterialFunctions02/PivotPainter2/Black_1x1_EXR_Texture.uexp" 132
"../../../Engine/Content/EngineMaterials/BaseFlattenEmissiveMap.uasset" 133
"../../../Engine/Content/EngineMaterials/BaseFlattenEmissiveMap.uexp" 134
"../../../Engine/Content/EngineMaterials/BaseFlattenLinearColor.uasset" 135
"../../../Engine/Content/EngineMaterials/BaseFlattenLinearColor.uexp" 136
"../../../Engine/Content/EngineMaterials/FlattenMaterial.uasset" 137
"../../../Engine/Content/EngineMaterials/FlattenMaterial.uexp" 138
"../../../Engine/Content/EngineMaterials/DefaultWhiteGrid_Low.uasset" 139
"../../../Engine/Content/EngineMaterials/DefaultWhiteGrid_Low.uexp" 140
"../../../Engine/Content/EngineMaterials/EmissiveMeshMaterial.uasset" 141
"../../../Engine/Content/EngineMaterials/EmissiveMeshMaterial.uexp" 142
"../../../Engine/Content/EngineMaterials/DefaultWhiteGrid.ubulk" 143
"../../../Engine/Content/EngineMaterials/DefaultWhiteGrid.uasset" 144
"../../../Engine/Content/EngineMaterials/DefaultWhiteGrid.uexp" 145
"../../../Engine/Content/EngineFonts/RobotoDistanceField.uasset" 146
"../../../Engine/Content/EngineFonts/RobotoDistanceField.uexp" 147
"../../../Engine/Content/EngineMaterials/DefaultTextMaterialOpaque.uasset" 148
"../../../Engine/Content/EngineMaterials/DefaultTextMaterialOpaque.uexp" 149
"../../../Engine/Content/EngineMaterials/DefaultDiffuse.ubulk" 150
"../../../Engine/Content/EngineMaterials/DefaultDiffuse.uasset" 151
"../../../Engine/Content/EngineMaterials/DefaultDiffuse.uexp" 152
"../../../Engine/Content/Functions/Engine_MaterialFunctions02/Utility/BreakOutFloat2Components.uasset" 153
"../../../Engine/Content/Functions/Engine_MaterialFunctions02/Utility/BreakOutFloat2Components.uexp" 154
"../../../Engine/Content/EngineMaterials/DefaultPostProcessMaterial.uasset" 155
"../../../Engine/Content/EngineMaterials/DefaultPostProcessMaterial.uexp" 156
"../../../Engine/Content/EngineMaterials/DefaultPhysicalMaterial.uasset" 157
"../../../Engine/Content/EngineMaterials/DefaultPhysicalMaterial.uexp" 158
"../../../Engine/Content/EngineMeshes/Sphere.uasset" 159
"../../../Engine/Content/EngineMeshes/Sphere.uexp" 160
"../../../Engine/Content/EngineMaterials/DefaultLightFunctionMaterial.uasset" 161
"../../../Engine/Content/EngineMaterials/DefaultLightFunctionMaterial.uexp" 162
"../../../Engine/Content/EngineMaterials/DefaultDestructiblePhysicalMaterial.uasset" 163
"../../../Engine/Content/EngineMaterials/DefaultDestructiblePhysicalMaterial.uexp" 164
"../../../Engine/Content/EngineMaterials/DefaultDeferredDecalMaterial.uasset" 165
"../../../Engine/Content/EngineMaterials/DefaultDeferredDecalMaterial.uexp" 166
"../../../Engine/Content/EngineMaterials/DefaultBokeh.uasset" 167
"../../../Engine/Content/EngineMaterials/DefaultBokeh.uexp" 168
"../../../Engine/Content/EngineMaterials/DefaultBloomKernel.uasset" 169
"../../../Engine/Content/EngineMaterials/DefaultBloomKernel.uexp" 170
"../../../Engine/Content/EngineMaterials/BlueNoise.uasset" 171
"../../../Engine/Content/EngineMaterials/BlueNoise.uexp" 172
"../../../Engine/Content/EngineResources/GradientTexture0.uasset" 173
"../../../Engine/Content/EngineResources/GradientTexture0.uexp" 174
"../../../Engine/Content/EngineResources/DefaultVolumeTexture2D.uasset" 175
"../../../Engine/Content/EngineResources/DefaultVolumeTexture2D.uexp" 176
"../../../Engine/Content/EngineResources/DefaultVolumeTexture.uasset" 177
"../../../Engine/Content/EngineResources/DefaultVolumeTexture.uexp" 178
"../../../Engine/Content/EngineResources/DefaultTextureCube.uasset" 179
"../../../Engine/Content/EngineResources/DefaultTextureCube.uexp" 180
"../../../Engine/Content/EngineResources/DefaultTexture.ubulk" 181
"../../../Engine/Content/EngineResources/DefaultTexture.uasset" 182
"../../../Engine/Content/EngineResources/DefaultTexture.uexp" 183
"../../../Engine/Content/EngineResources/FilmGrains/Marcie_Grain_v3_128_M2_000.uasset" 184
"../../../Engine/Content/EngineResources/FilmGrains/Marcie_Grain_v3_128_M2_000.uexp" 185
"../../../Engine/Content/EngineSky/VolumetricClouds/CloudWeatherTexture.uasset" 186
"../../../Engine/Content/EngineSky/VolumetricClouds/CloudWeatherTexture.uexp" 187
"../../../Engine/Content/Functions/Engine_MaterialFunctions02/Utility/MakeFloat2.uasset" 188
"../../../Engine/Content/Functions/Engine_MaterialFunctions02/Utility/MakeFloat2.uexp" 189
"../../../Engine/Content/EngineSky/VolumetricClouds/CloudGradientTexture.uasset" 190
"../../../Engine/Content/EngineSky/VolumetricClouds/CloudGradientTexture.uexp" 191
"../../../Engine/Content/EngineSky/VolumetricClouds/T_NoiseShape64.ubulk" 192
"../../../Engine/Content/EngineSky/VolumetricClouds/T_NoiseShape64.uasset" 193
"../../../Engine/Content/EngineSky/VolumetricClouds/T_NoiseShape64.uexp" 194
"../../../Engine/Content/EngineSky/VolumetricClouds/T_VolumeNoiseShape64.uasset" 195
"../../../Engine/Content/EngineSky/VolumetricClouds/T_VolumeNoiseShape64.uexp" 196
"../../../Engine/Content/EngineSky/VolumetricClouds/T_NoiseErosion.ubulk" 197
"../../../Engine/Content/EngineSky/VolumetricClouds/T_NoiseErosion.uasset" 198
"../../../Engine/Content/EngineSky/VolumetricClouds/T_NoiseErosion.uexp" 199
"../../../Engine/Content/EngineSky/VolumetricClouds/T_VolumeNoiseErosion32.uasset" 200
"../../../Engine/Content/EngineSky/VolumetricClouds/T_VolumeNoiseErosion32.uexp" 201
"../../../Engine/Content/EngineSky/VolumetricClouds/m_SimpleVolumetricCloud.uasset" 202
"../../../Engine/Content/EngineSky/VolumetricClouds/m_SimpleVolumetricCloud.uexp" 203
"../../../Engine/Content/EngineSky/VolumetricClouds/m_SimpleVolumetricCloud_Inst.uasset" 204
"../../../Engine/Content/EngineSky/VolumetricClouds/m_SimpleVolumetricCloud_Inst.uexp" 205
"../../../Engine/Content/EngineSounds/Master.uasset" 206
"../../../Engine/Content/EngineSounds/Master.uexp" 207
"../../../Engine/Content/Functions/Engine_MaterialFunctions01/Shading/PowerToRoughness.uasset" 208
"../../../Engine/Content/Functions/Engine_MaterialFunctions01/Shading/PowerToRoughness.uexp" 209
"../../../Engine/Content/Functions/Engine_MaterialFunctions01/Shading/ConvertFromDiffSpec.uasset" 210
"../../../Engine/Content/Functions/Engine_MaterialFunctions01/Shading/ConvertFromDiffSpec.uexp" 211
"../../../Engine/Content/Tutorial/ContentIntroCurve.uasset" 212
"../../../Engine/Content/Tutorial/ContentIntroCurve.uexp" 213
"../../../Engine/Plugins/2D/Paper2D/Content/PlaceholderTextures/DummySpriteTexture.ubulk" 214
"../../../Engine/Plugins/2D/Paper2D/Content/PlaceholderTextures/DummySpriteTexture.uasset" 215
"../../../Engine/Plugins/2D/Paper2D/Content/PlaceholderTextures/DummySpriteTexture.uexp" 216
"../../../Engine/Plugins/2D/Paper2D/Content/DefaultSpriteMaterial.uasset" 217
"../../../Engine/Plugins/2D/Paper2D/Content/DefaultSpriteMaterial.uexp" 218
"../../../Engine/Plugins/2D/Paper2D/Content/OpaqueUnlitSpriteMaterial.uasset" 219
"../../../Engine/Plugins/2D/Paper2D/Content/OpaqueUnlitSpriteMaterial.uexp" 220
"../../../Engine/Plugins/2D/Paper2D/Content/MaskedUnlitSpriteMaterial.uasset" 221
"../../../Engine/Plugins/2D/Paper2D/Content/MaskedUnlitSpriteMaterial.uexp" 222
"../../../Engine/Plugins/2D/Paper2D/Content/DummySprite.uasset" 223
"../../../Engine/Plugins/2D/Paper2D/Content/DummySprite.uexp" 224
"../../../Engine/Plugins/2D/Paper2D/Content/DefaultPaperTerrainMaterial.uasset" 225
"../../../Engine/Plugins/2D/Paper2D/Content/DefaultPaperTerrainMaterial.uexp" 226
"../../../Engine/Plugins/Animation/ControlRig/Content/M_Manip.uasset" 227
"../../../Engine/Plugins/Animation/ControlRig/Content/M_Manip.uexp" 228
"../../../Engine/Plugins/Animation/ControlRig/Content/Controls/DefaultGizmoLibraryNormalized.uasset" 229
"../../../Engine/Plugins/Animation/ControlRig/Content/Controls/DefaultGizmoLibraryNormalized.uexp" 230
"../../../Engine/Plugins/Animation/ControlRig/Content/Controls/ControlRig_Wedge_solid.uasset" 231
"../../../Engine/Plugins/Animation/ControlRig/Content/Controls/ControlRig_Wedge_solid.uexp" 232
"../../../Engine/Plugins/Animation/ControlRig/Content/Controls/ControlRig_Wedge_3mm.uasset" 233
"../../../Engine/Plugins/Animation/ControlRig/Content/Controls/ControlRig_Wedge_3mm.uexp" 234
"../../../Engine/Plugins/Animation/ControlRig/Content/Controls/ControlRig_Wedge_1mm.uasset" 235
"../../../Engine/Plugins/Animation/ControlRig/Content/Controls/ControlRig_Wedge_1mm.uexp" 236
"../../../Engine/Plugins/Animation/ControlRig/Content/Controls/ControlRig_Triangle_solid.uasset" 237
"../../../Engine/Plugins/Animation/ControlRig/Content/Controls/ControlRig_Triangle_solid.uexp" 238
"../../../Engine/Plugins/Animation/ControlRig/Content/Controls/ControlRig_Triangle_3mm.uasset" 239
"../../../Engine/Plugins/Animation/ControlRig/Content/Controls/ControlRig_Triangle_3mm.uexp" 240
"../../../Engine/Plugins/Animation/ControlRig/Content/Controls/ControlRig_Triangle_1mm.uasset" 241
"../../../Engine/Plugins/Animation/ControlRig/Content/Controls/ControlRig_Triangle_1mm.uexp" 242
"../../../Engine/Plugins/Animation/ControlRig/Content/Controls/ControlRig_Star4_solid.uasset" 243
"../../../Engine/Plugins/Animation/ControlRig/Content/Controls/ControlRig_Star4_solid.uexp" 244
"../../../Engine/Plugins/Animation/ControlRig/Content/Controls/ControlRig_Star4_3mm.uasset" 245
"../../../Engine/Plugins/Animation/ControlRig/Content/Controls/ControlRig_Star4_3mm.uexp" 246
"../../../Engine/Plugins/Animation/ControlRig/Content/Controls/ControlRig_Star4_1mm.uasset" 247
"../../../Engine/Plugins/Animation/ControlRig/Content/Controls/ControlRig_Star4_1mm.uexp" 248
"../../../Engine/Plugins/Animation/ControlRig/Content/Controls/ControlRig_Square_solid.uasset" 249
"../../../Engine/Plugins/Animation/ControlRig/Content/Controls/ControlRig_Square_solid.uexp" 250
"../../../Engine/Plugins/Animation/ControlRig/Content/Controls/ControlRig_Square_3mm.uasset" 251
"../../../Engine/Plugins/Animation/ControlRig/Content/Controls/ControlRig_Square_3mm.uexp" 252
"../../../Engine/Plugins/Animation/ControlRig/Content/Controls/ControlRig_Square_1mm.uasset" 253
"../../../Engine/Plugins/Animation/ControlRig/Content/Controls/ControlRig_Square_1mm.uexp" 254
"../../../Engine/Plugins/Animation/ControlRig/Content/Controls/ControlRig_Sphere_solid.uasset" 255
"../../../Engine/Plugins/Animation/ControlRig/Content/Controls/ControlRig_Sphere_solid.uexp" 256
"../../../Engine/Plugins/Animation/ControlRig/Content/Controls/ControlRig_Sphere_3mm.uasset" 257
"../../../Engine/Plugins/Animation/ControlRig/Content/Controls/ControlRig_Sphere_3mm.uexp" 258
"../../../Engine/Plugins/Animation/ControlRig/Content/Controls/ControlRig_Sphere_1mm.uasset" 259
"../../../Engine/Plugins/Animation/ControlRig/Content/Controls/ControlRig_Sphere_1mm.uexp" 260
"../../../Engine/Plugins/Animation/ControlRig/Content/Controls/ControlRig_RoundedTriangle_solid.uasset" 261
"../../../Engine/Plugins/Animation/ControlRig/Content/Controls/ControlRig_RoundedTriangle_solid.uexp" 262
"../../../Engine/Plugins/Animation/ControlRig/Content/Controls/ControlRig_RoundedTriangle_3mm.uasset" 263
"../../../Engine/Plugins/Animation/ControlRig/Content/Controls/ControlRig_RoundedTriangle_3mm.uexp" 264
"../../../Engine/Plugins/Animation/ControlRig/Content/Controls/ControlRig_RoundedTriangle_1mm.uasset" 265
"../../../Engine/Plugins/Animation/ControlRig/Content/Controls/ControlRig_RoundedTriangle_1mm.uexp" 266
"../../../Engine/Plugins/Animation/ControlRig/Content/Controls/ControlRig_RoundedSquare_solid.uasset" 267
"../../../Engine/Plugins/Animation/ControlRig/Content/Controls/ControlRig_RoundedSquare_solid.uexp" 268
"../../../Engine/Plugins/Animation/ControlRig/Content/Controls/ControlRig_RoundedSquare_3mm.uasset" 269
"../../../Engine/Plugins/Animation/ControlRig/Content/Controls/ControlRig_RoundedSquare_3mm.uexp" 270
"../../../Engine/Plugins/Animation/ControlRig/Content/Controls/ControlRig_RoundedSquare_1mm.uasset" 271
"../../../Engine/Plugins/Animation/ControlRig/Content/Controls/ControlRig_RoundedSquare_1mm.uexp" 272
"../../../Engine/Plugins/Animation/ControlRig/Content/Controls/ControlRig_QuarterCircle_solid.uasset" 273
"../../../Engine/Plugins/Animation/ControlRig/Content/Controls/ControlRig_QuarterCircle_solid.uexp" 274
"../../../Engine/Plugins/Animation/ControlRig/Content/Controls/ControlRig_QuarterCircle_3mm.uasset" 275
"../../../Engine/Plugins/Animation/ControlRig/Content/Controls/ControlRig_QuarterCircle_3mm.uexp" 276
"../../../Engine/Plugins/Animation/ControlRig/Content/Controls/ControlRig_QuarterCircle_1mm.uasset" 277
"../../../Engine/Plugins/Animation/ControlRig/Content/Controls/ControlRig_QuarterCircle_1mm.uexp" 278
"../../../Engine/Plugins/Animation/ControlRig/Content/Controls/ControlRig_Pyramid_solid.uasset" 279
"../../../Engine/Plugins/Animation/ControlRig/Content/Controls/ControlRig_Pyramid_solid.uexp" 280
"../../../Engine/Plugins/Animation/ControlRig/Content/Controls/ControlRig_Pyramid_3mm.uasset" 281
"../../../Engine/Plugins/Animation/ControlRig/Content/Controls/ControlRig_Pyramid_3mm.uexp" 282
"../../../Engine/Plugins/Animation/ControlRig/Content/Controls/ControlRig_Pyramid_1mm.uasset" 283
"../../../Engine/Plugins/Animation/ControlRig/Content/Controls/ControlRig_Pyramid_1mm.uexp" 284
"../../../Engine/Plugins/Animation/ControlRig/Content/Controls/ControlRig_Octagon_solid.uasset" 285
"../../../Engine/Plugins/Animation/ControlRig/Content/Controls/ControlRig_Octagon_solid.uexp" 286
"../../../Engine/Plugins/Animation/ControlRig/Content/Controls/ControlRig_Octagon_3mm.uasset" 287
"../../../Engine/Plugins/Animation/ControlRig/Content/Controls/ControlRig_Octagon_3mm.uexp" 288
"../../../Engine/Plugins/Animation/ControlRig/Content/Controls/ControlRig_Octagon_1mm.uasset" 289
"../../../Engine/Plugins/Animation/ControlRig/Content/Controls/ControlRig_Octagon_1mm.uexp" 290
"../../../Engine/Plugins/Animation/ControlRig/Content/Controls/ControlRig_Hexagon_solid.uasset" 291
"../../../Engine/Plugins/Animation/ControlRig/Content/Controls/ControlRig_Hexagon_solid.uexp" 292
"../../../Engine/Plugins/Animation/ControlRig/Content/Controls/ControlRig_Hexagon_3mm.uasset" 293
"../../../Engine/Plugins/Animation/ControlRig/Content/Controls/ControlRig_Hexagon_3mm.uexp" 294
"../../../Engine/Plugins/Animation/ControlRig/Content/Controls/ControlRig_Hexagon_1mm.uasset" 295
"../../../Engine/Plugins/Animation/ControlRig/Content/Controls/ControlRig_Hexagon_1mm.uexp" 296
"../../../Engine/Plugins/Animation/ControlRig/Content/Controls/ControlRig_HalfCircle_solid.uasset" 297
"../../../Engine/Plugins/Animation/ControlRig/Content/Controls/ControlRig_HalfCircle_solid.uexp" 298
"../../../Engine/Plugins/Animation/ControlRig/Content/Controls/ControlRig_HalfCircle_3mm.uasset" 299
"../../../Engine/Plugins/Animation/ControlRig/Content/Controls/ControlRig_HalfCircle_3mm.uexp" 300
"../../../Engine/Plugins/Animation/ControlRig/Content/Controls/ControlRig_HalfCircle_1mm.uasset" 301
"../../../Engine/Plugins/Animation/ControlRig/Content/Controls/ControlRig_HalfCircle_1mm.uexp" 302
"../../../Engine/Plugins/Animation/ControlRig/Content/Controls/ControlRig_Diamond_solid.uasset" 303
"../../../Engine/Plugins/Animation/ControlRig/Content/Controls/ControlRig_Diamond_solid.uexp" 304
"../../../Engine/Plugins/Animation/ControlRig/Content/Controls/ControlRig_Diamond_3mm.uasset" 305
"../../../Engine/Plugins/Animation/ControlRig/Content/Controls/ControlRig_Diamond_3mm.uexp" 306
"../../../Engine/Plugins/Animation/ControlRig/Content/Controls/ControlRig_Diamond_1mm.uasset" 307
"../../../Engine/Plugins/Animation/ControlRig/Content/Controls/ControlRig_Diamond_1mm.uexp" 308
"../../../Engine/Plugins/Animation/ControlRig/Content/Controls/ControlRig_Circle_solid.uasset" 309
"../../../Engine/Plugins/Animation/ControlRig/Content/Controls/ControlRig_Circle_solid.uexp" 310
"../../../Engine/Plugins/Animation/ControlRig/Content/Controls/ControlRig_Circle_3mm.uasset" 311
"../../../Engine/Plugins/Animation/ControlRig/Content/Controls/ControlRig_Circle_3mm.uexp" 312
"../../../Engine/Plugins/Animation/ControlRig/Content/Controls/ControlRig_Circle_1mm.uasset" 313
"../../../Engine/Plugins/Animation/ControlRig/Content/Controls/ControlRig_Circle_1mm.uexp" 314
"../../../Engine/Plugins/Animation/ControlRig/Content/Controls/ControlRig_Box_solid.uasset" 315
"../../../Engine/Plugins/Animation/ControlRig/Content/Controls/ControlRig_Box_solid.uexp" 316
"../../../Engine/Plugins/Animation/ControlRig/Content/Controls/ControlRig_Box_3mm.uasset" 317
"../../../Engine/Plugins/Animation/ControlRig/Content/Controls/ControlRig_Box_3mm.uexp" 318
"../../../Engine/Plugins/Animation/ControlRig/Content/Controls/ControlRig_Box_1mm.uasset" 319
"../../../Engine/Plugins/Animation/ControlRig/Content/Controls/ControlRig_Box_1mm.uexp" 320
"../../../Engine/Plugins/Animation/ControlRig/Content/Controls/ControlRig_Arrow_solid.uasset" 321
"../../../Engine/Plugins/Animation/ControlRig/Content/Controls/ControlRig_Arrow_solid.uexp" 322
"../../../Engine/Plugins/Animation/ControlRig/Content/Controls/ControlRig_Arrow_3mm.uasset" 323
"../../../Engine/Plugins/Animation/ControlRig/Content/Controls/ControlRig_Arrow_3mm.uexp" 324
"../../../Engine/Plugins/Animation/ControlRig/Content/Controls/ControlRig_Arrow_1mm.uasset" 325
"../../../Engine/Plugins/Animation/ControlRig/Content/Controls/ControlRig_Arrow_1mm.uexp" 326
"../../../Engine/Plugins/Animation/ControlRig/Content/Controls/ControlRig_Arrow4_solid.uasset" 327
"../../../Engine/Plugins/Animation/ControlRig/Content/Controls/ControlRig_Arrow4_solid.uexp" 328
"../../../Engine/Plugins/Animation/ControlRig/Content/Controls/ControlRig_Arrow4_3mm.uasset" 329
"../../../Engine/Plugins/Animation/ControlRig/Content/Controls/ControlRig_Arrow4_3mm.uexp" 330
"../../../Engine/Plugins/Animation/ControlRig/Content/Controls/ControlRig_Arrow4_1mm.uasset" 331
"../../../Engine/Plugins/Animation/ControlRig/Content/Controls/ControlRig_Arrow4_1mm.uexp" 332
"../../../Engine/Plugins/Animation/ControlRig/Content/Controls/ControlRig_Arrow2_solid.uasset" 333
"../../../Engine/Plugins/Animation/ControlRig/Content/Controls/ControlRig_Arrow2_solid.uexp" 334
"../../../Engine/Plugins/Animation/ControlRig/Content/Controls/ControlRig_Arrow2_3mm.uasset" 335
"../../../Engine/Plugins/Animation/ControlRig/Content/Controls/ControlRig_Arrow2_3mm.uexp" 336
"../../../Engine/Plugins/Animation/ControlRig/Content/Controls/ControlRig_Arrow2_1mm.uasset" 337
"../../../Engine/Plugins/Animation/ControlRig/Content/Controls/ControlRig_Arrow2_1mm.uexp" 338
"../../../Engine/Plugins/Animation/ControlRig/Content/Controls/ControlRigGizmoMaterial.uasset" 339
"../../../Engine/Plugins/Animation/ControlRig/Content/Controls/ControlRigGizmoMaterial.uexp" 340
"../../../Engine/Plugins/Editor/SpeedTreeImporter/Content/SpeedTree9/game_wind_noise.ubulk" 341
"../../../Engine/Plugins/Editor/SpeedTreeImporter/Content/SpeedTree9/game_wind_noise.uasset" 342
"../../../Engine/Plugins/Editor/SpeedTreeImporter/Content/SpeedTree9/game_wind_noise.uexp" 343
"../../../Engine/Plugins/Editor/SpeedTreeImporter/Content/SpeedTree9/UnpackDirection.uasset" 344
"../../../Engine/Plugins/Editor/SpeedTreeImporter/Content/SpeedTree9/UnpackDirection.uexp" 345
"../../../Engine/Content/Functions/Engine_MaterialFunctions02/ObjectLocalBounds.uasset" 346
"../../../Engine/Content/Functions/Engine_MaterialFunctions02/ObjectLocalBounds.uexp" 347
"../../../Engine/Content/Functions/Engine_MaterialFunctions02/UVs/BoundingBoxBased_0-1_UVW.uasset" 348
"../../../Engine/Content/Functions/Engine_MaterialFunctions02/UVs/BoundingBoxBased_0-1_UVW.uexp" 349
"../../../Engine/Content/Functions/Engine_MaterialFunctions02/Utility/VectorLength.uasset" 350
"../../../Engine/Content/Functions/Engine_MaterialFunctions02/Utility/VectorLength.uexp" 351
"../../../Engine/Plugins/Editor/SpeedTreeImporter/Content/SpeedTree9/UnpackInteger3.uasset" 352
"../../../Engine/Plugins/Editor/SpeedTreeImporter/Content/SpeedTree9/UnpackInteger3.uexp" 353
"../../../Engine/Plugins/Editor/SpeedTreeImporter/Content/SpeedTree9/SpeedTreeCameraFacing.uasset" 354
"../../../Engine/Plugins/Editor/SpeedTreeImporter/Content/SpeedTree9/SpeedTreeCameraFacing.uexp" 355
"../../../Engine/Content/Functions/Engine_MaterialFunctions02/WorldPositionOffset/ObjectScale.uasset" 356
"../../../Engine/Content/Functions/Engine_MaterialFunctions02/WorldPositionOffset/ObjectScale.uexp" 357
"../../../Engine/Content/Functions/Engine_MaterialFunctions02/SafeNormalize.uasset" 358
"../../../Engine/Content/Functions/Engine_MaterialFunctions02/SafeNormalize.uexp" 359
"../../../Engine/Plugins/Editor/SpeedTreeImporter/Content/SpeedTree9/SpeedTreeWindMotion.uasset" 360
"../../../Engine/Plugins/Editor/SpeedTreeImporter/Content/SpeedTree9/SpeedTreeWindMotion.uexp" 361
"../../../Engine/Plugins/Editor/SpeedTreeImporter/Content/SpeedTree9/SpeedTreeBranchMotion.uasset" 362
"../../../Engine/Plugins/Editor/SpeedTreeImporter/Content/SpeedTree9/SpeedTreeBranchMotion.uexp" 363
"../../../Engine/Plugins/Editor/SpeedTreeImporter/Content/SpeedTree9/SpeedTreeWind.uasset" 364
"../../../Engine/Plugins/Editor/SpeedTreeImporter/Content/SpeedTree9/SpeedTreeWind.uexp" 365
"../../../Engine/Plugins/Editor/SpeedTreeImporter/Content/SpeedTree9/EmptyNormal.uasset" 366
"../../../Engine/Plugins/Editor/SpeedTreeImporter/Content/SpeedTree9/EmptyNormal.uexp" 367
"../../../Engine/Plugins/Editor/SpeedTreeImporter/Content/SpeedTree9/Empty.uasset" 368
"../../../Engine/Plugins/Editor/SpeedTreeImporter/Content/SpeedTree9/Empty.uexp" 369
"../../../Engine/Plugins/Editor/SpeedTreeImporter/Content/SpeedTree9/SpeedTreeMaster.uasset" 370
"../../../Engine/Plugins/Editor/SpeedTreeImporter/Content/SpeedTree9/SpeedTreeMaster.uexp" 371
"../../../Engine/Plugins/Editor/SpeedTreeImporter/Content/SpeedTree9/SpeedTreeBillboard.uasset" 372
"../../../Engine/Plugins/Editor/SpeedTreeImporter/Content/SpeedTree9/SpeedTreeBillboard.uexp" 373
"../../../Engine/Plugins/Editor/SpeedTreeImporter/Content/SpeedTree9/SpeedTreeBillboardMaster.uasset" 374
"../../../Engine/Plugins/Editor/SpeedTreeImporter/Content/SpeedTree9/SpeedTreeBillboardMaster.uexp" 375
"../../../Engine/Plugins/Marketplace/MetaXR-v47_20221121-202404/Content/Materials/PokeAHoleMaterial.uasset" 376
"../../../Engine/Plugins/Marketplace/MetaXR-v47_20221121-202404/Content/Materials/PokeAHoleMaterial.uexp" 377
"../../../Engine/Plugins/Marketplace/MetaXR-v47_20221121-202404/Content/Materials/PokeAHoleInverseMaterial.uasset" 378
"../../../Engine/Plugins/Marketplace/MetaXR-v47_20221121-202404/Content/Materials/PokeAHoleInverseMaterial.uexp" 379
"../../../Engine/Plugins/Marketplace/MetaXR-v47_20221121-202404/Content/Materials/OculusMR_OpaqueColoredMaterial.uasset" 380
"../../../Engine/Plugins/Marketplace/MetaXR-v47_20221121-202404/Content/Materials/OculusMR_OpaqueColoredMaterial.uexp" 381
"../../../Engine/Content/Functions/Engine_MaterialFunctions02/Utility/BreakOutFloat4Components.uasset" 382
"../../../Engine/Content/Functions/Engine_MaterialFunctions02/Utility/BreakOutFloat4Components.uexp" 383
"../../../Engine/Plugins/Marketplace/MetaXR-v47_20221121-202404/Content/Materials/OculusMR_ChromaKey.uasset" 384
"../../../Engine/Plugins/Marketplace/MetaXR-v47_20221121-202404/Content/Materials/OculusMR_ChromaKey.uexp" 385
"../../../Engine/Plugins/Marketplace/MetaXR-v47_20221121-202404/Content/Textures/TouchForQuestRiftSController_albedo.ubulk" 386
"../../../Engine/Plugins/Marketplace/MetaXR-v47_20221121-202404/Content/Textures/TouchForQuestRiftSController_albedo.uasset" 387
"../../../Engine/Plugins/Marketplace/MetaXR-v47_20221121-202404/Content/Textures/TouchForQuestRiftSController_albedo.uexp" 388
"../../../Engine/Plugins/Marketplace/MetaXR-v47_20221121-202404/Content/Materials/TouchForQuestRiftSControllerMaterial.uasset" 389
"../../../Engine/Plugins/Marketplace/MetaXR-v47_20221121-202404/Content/Materials/TouchForQuestRiftSControllerMaterial.uexp" 390
"../../../Engine/Plugins/Marketplace/MetaXR-v47_20221121-202404/Content/Meshes/RightTouchForQuestRiftSController.uasset" 391
"../../../Engine/Plugins/Marketplace/MetaXR-v47_20221121-202404/Content/Meshes/RightTouchForQuestRiftSController.uexp" 392
"../../../Engine/Plugins/Marketplace/MetaXR-v47_20221121-202404/Content/Meshes/LeftTouchForQuestRiftSController.uasset" 393
"../../../Engine/Plugins/Marketplace/MetaXR-v47_20221121-202404/Content/Meshes/LeftTouchForQuestRiftSController.uexp" 394
"../../../Engine/Plugins/Runtime/HairStrands/Content/Materials/HairMeshesDefaultMaterial.uasset" 395
"../../../Engine/Plugins/Runtime/HairStrands/Content/Materials/HairMeshesDefaultMaterial.uexp" 396
"../../../Engine/Plugins/Runtime/HairStrands/Content/Materials/HairDefaultMaterial.uasset" 397
"../../../Engine/Plugins/Runtime/HairStrands/Content/Materials/HairDefaultMaterial.uexp" 398
"../../../Engine/Plugins/Runtime/HairStrands/Content/Materials/HairGroupColors.uasset" 399
"../../../Engine/Plugins/Runtime/HairStrands/Content/Materials/HairGroupColors.uexp" 400
"../../../Engine/Content/EngineMaterials/HairColorMap.uasset" 401
"../../../Engine/Content/EngineMaterials/HairColorMap.uexp" 402
"../../../Engine/Content/EngineMaterials/HairDebugColor.uasset" 403
"../../../Engine/Content/EngineMaterials/HairDebugColor.uexp" 404
"../../../Engine/Plugins/Runtime/HairStrands/Content/Materials/HairDebugMaterial.uasset" 405
"../../../Engine/Plugins/Runtime/HairStrands/Content/Materials/HairDebugMaterial.uexp" 406
"../../../Engine/Plugins/Runtime/HairStrands/Content/Materials/HairCardsDefaultMaterial.uasset" 407
"../../../Engine/Plugins/Runtime/HairStrands/Content/Materials/HairCardsDefaultMaterial.uexp" 408
"../../../Engine/Content/EngineResources/Black.uasset" 409
"../../../Engine/Content/EngineResources/Black.uexp" 410
"../../../Engine/Plugins/Runtime/OpenXR/Content/Devices/M_XRController.uasset" 411
"../../../Engine/Plugins/Runtime/OpenXR/Content/Devices/M_XRController.uexp" 412
"../../../Engine/Plugins/Runtime/OpenXR/Content/Devices/HTCVive/BaseTexture.ubulk" 413
"../../../Engine/Plugins/Runtime/OpenXR/Content/Devices/HTCVive/BaseTexture.uasset" 414
"../../../Engine/Plugins/Runtime/OpenXR/Content/Devices/HTCVive/BaseTexture.uexp" 415
"../../../Engine/Plugins/Runtime/OpenXR/Content/Devices/HTCVive/MI_HTCVive.uasset" 416
"../../../Engine/Plugins/Runtime/OpenXR/Content/Devices/HTCVive/MI_HTCVive.uexp" 417
"../../../Engine/Plugins/Runtime/OpenXR/Content/Devices/HTCVive/HTCViveController.uasset" 418
"../../../Engine/Plugins/Runtime/OpenXR/Content/Devices/HTCVive/HTCViveController.uexp" 419
"../../../Engine/Plugins/Runtime/OpenXR/Content/Devices/MicrosoftMixedReality/NormalTexture.ubulk" 420
"../../../Engine/Plugins/Runtime/OpenXR/Content/Devices/MicrosoftMixedReality/NormalTexture.uasset" 421
"../../../Engine/Plugins/Runtime/OpenXR/Content/Devices/MicrosoftMixedReality/NormalTexture.uexp" 422
"../../../Engine/Plugins/Runtime/OpenXR/Content/Devices/MicrosoftMixedReality/EmissiveTexture.ubulk" 423
"../../../Engine/Plugins/Runtime/OpenXR/Content/Devices/MicrosoftMixedReality/EmissiveTexture.uasset" 424
"../../../Engine/Plugins/Runtime/OpenXR/Content/Devices/MicrosoftMixedReality/EmissiveTexture.uexp" 425
"../../../Engine/Plugins/Runtime/OpenXR/Content/Devices/MicrosoftMixedReality/BaseTexture.ubulk" 426
"../../../Engine/Plugins/Runtime/OpenXR/Content/Devices/MicrosoftMixedReality/BaseTexture.uasset" 427
"../../../Engine/Plugins/Runtime/OpenXR/Content/Devices/MicrosoftMixedReality/BaseTexture.uexp" 428
"../../../Engine/Plugins/Runtime/OpenXR/Content/Devices/MicrosoftMixedReality/MRTexture.ubulk" 429
"../../../Engine/Plugins/Runtime/OpenXR/Content/Devices/MicrosoftMixedReality/MRTexture.uasset" 430
"../../../Engine/Plugins/Runtime/OpenXR/Content/Devices/MicrosoftMixedReality/MRTexture.uexp" 431
"../../../Engine/Plugins/Runtime/OpenXR/Content/Devices/MicrosoftMixedReality/MI_MicrosoftMixedReality.uasset" 432
"../../../Engine/Plugins/Runtime/OpenXR/Content/Devices/MicrosoftMixedReality/MI_MicrosoftMixedReality.uexp" 433
"../../../Engine/Plugins/Runtime/OpenXR/Content/Devices/MicrosoftMixedReality/Left/left_MicrosoftMixedRealityController.uasset" 434
"../../../Engine/Plugins/Runtime/OpenXR/Content/Devices/MicrosoftMixedReality/Left/left_MicrosoftMixedRealityController.uexp" 435
"../../../Engine/Plugins/Runtime/OpenXR/Content/Devices/MicrosoftMixedReality/Right/right_MicrosoftMixedRealityController.uasset" 436
"../../../Engine/Plugins/Runtime/OpenXR/Content/Devices/MicrosoftMixedReality/Right/right_MicrosoftMixedRealityController.uexp" 437
"../../../Engine/Plugins/Runtime/OpenXR/Content/Devices/OculusGo/BaseTexture.ubulk" 438
"../../../Engine/Plugins/Runtime/OpenXR/Content/Devices/OculusGo/BaseTexture.uasset" 439
"../../../Engine/Plugins/Runtime/OpenXR/Content/Devices/OculusGo/BaseTexture.uexp" 440
"../../../Engine/Plugins/Runtime/OpenXR/Content/Devices/OculusGo/MI_OculusGo.uasset" 441
"../../../Engine/Plugins/Runtime/OpenXR/Content/Devices/OculusGo/MI_OculusGo.uexp" 442
"../../../Engine/Plugins/Runtime/OpenXR/Content/Devices/OculusGo/OculusGoController.uasset" 443
"../../../Engine/Plugins/Runtime/OpenXR/Content/Devices/OculusGo/OculusGoController.uexp" 444
"../../../Engine/Plugins/Runtime/OpenXR/Content/Devices/OculusTouch/BaseTexture.ubulk" 445
"../../../Engine/Plugins/Runtime/OpenXR/Content/Devices/OculusTouch/BaseTexture.uasset" 446
"../../../Engine/Plugins/Runtime/OpenXR/Content/Devices/OculusTouch/BaseTexture.uexp" 447
"../../../Engine/Plugins/Runtime/OpenXR/Content/Devices/OculusTouch/MRTexture.ubulk" 448
"../../../Engine/Plugins/Runtime/OpenXR/Content/Devices/OculusTouch/MRTexture.uasset" 449
"../../../Engine/Plugins/Runtime/OpenXR/Content/Devices/OculusTouch/MRTexture.uexp" 450
"../../../Engine/Plugins/Runtime/OpenXR/Content/Devices/OculusTouch/MI_OculusTouch.uasset" 451
"../../../Engine/Plugins/Runtime/OpenXR/Content/Devices/OculusTouch/MI_OculusTouch.uexp" 452
"../../../Engine/Plugins/Runtime/OpenXR/Content/Devices/OculusTouch/Left/left_OculusTouchController.uasset" 453
"../../../Engine/Plugins/Runtime/OpenXR/Content/Devices/OculusTouch/Left/left_OculusTouchController.uexp" 454
"../../../Engine/Plugins/Runtime/OpenXR/Content/Devices/OculusTouch/Right/right_OculusTouchController.uasset" 455
"../../../Engine/Plugins/Runtime/OpenXR/Content/Devices/OculusTouch/Right/right_OculusTouchController.uexp" 456
"../../../Engine/Plugins/Runtime/OpenXR/Content/Devices/OculusTouch_v2/BaseTexture.ubulk" 457
"../../../Engine/Plugins/Runtime/OpenXR/Content/Devices/OculusTouch_v2/BaseTexture.uasset" 458
"../../../Engine/Plugins/Runtime/OpenXR/Content/Devices/OculusTouch_v2/BaseTexture.uexp" 459
"../../../Engine/Plugins/Runtime/OpenXR/Content/Devices/OculusTouch_v2/MRTexture.ubulk" 460
"../../../Engine/Plugins/Runtime/OpenXR/Content/Devices/OculusTouch_v2/MRTexture.uasset" 461
"../../../Engine/Plugins/Runtime/OpenXR/Content/Devices/OculusTouch_v2/MRTexture.uexp" 462
"../../../Engine/Plugins/Runtime/OpenXR/Content/Devices/OculusTouch_v2/MI_OculusTouch_v2.uasset" 463
"../../../Engine/Plugins/Runtime/OpenXR/Content/Devices/OculusTouch_v2/MI_OculusTouch_v2.uexp" 464
"../../../Engine/Plugins/Runtime/OpenXR/Content/Devices/OculusTouch_v2/Left/left_OculusTouch_v2Controller.uasset" 465
"../../../Engine/Plugins/Runtime/OpenXR/Content/Devices/OculusTouch_v2/Left/left_OculusTouch_v2Controller.uexp" 466
"../../../Engine/Plugins/Runtime/OpenXR/Content/Devices/OculusTouch_v2/Right/right_OculusTouch_v2Controller.uasset" 467
"../../../Engine/Plugins/Runtime/OpenXR/Content/Devices/OculusTouch_v2/Right/right_OculusTouch_v2Controller.uexp" 468
"../../../Engine/Plugins/Runtime/OpenXR/Content/Devices/OculusTouch_v3/MRTexture.ubulk" 469
"../../../Engine/Plugins/Runtime/OpenXR/Content/Devices/OculusTouch_v3/MRTexture.uasset" 470
"../../../Engine/Plugins/Runtime/OpenXR/Content/Devices/OculusTouch_v3/MRTexture.uexp" 471
"../../../Engine/Plugins/Runtime/OpenXR/Content/Devices/OculusTouch_v3/BaseTexture.ubulk" 472
"../../../Engine/Plugins/Runtime/OpenXR/Content/Devices/OculusTouch_v3/BaseTexture.uasset" 473
"../../../Engine/Plugins/Runtime/OpenXR/Content/Devices/OculusTouch_v3/BaseTexture.uexp" 474
"../../../Engine/Plugins/Runtime/OpenXR/Content/Devices/OculusTouch_v3/MI_OculusTouch_v3.uasset" 475
"../../../Engine/Plugins/Runtime/OpenXR/Content/Devices/OculusTouch_v3/MI_OculusTouch_v3.uexp" 476
"../../../Engine/Plugins/Runtime/OpenXR/Content/Devices/OculusTouch_v3/Left/left_OculusTouch_v3Controller.uasset" 477
"../../../Engine/Plugins/Runtime/OpenXR/Content/Devices/OculusTouch_v3/Left/left_OculusTouch_v3Controller.uexp" 478
"../../../Engine/Plugins/Runtime/OpenXR/Content/Devices/OculusTouch_v3/Right/right_OculusTouch_v3Controller.uasset" 479
"../../../Engine/Plugins/Runtime/OpenXR/Content/Devices/OculusTouch_v3/Right/right_OculusTouch_v3Controller.uexp" 480
"../../../Engine/Plugins/Runtime/OpenXR/Content/Devices/ValveIndex/MRTexture.ubulk" 481
"../../../Engine/Plugins/Runtime/OpenXR/Content/Devices/ValveIndex/MRTexture.uasset" 482
"../../../Engine/Plugins/Runtime/OpenXR/Content/Devices/ValveIndex/MRTexture.uexp" 483
"../../../Engine/Plugins/Runtime/OpenXR/Content/Devices/ValveIndex/BaseTexture.ubulk" 484
"../../../Engine/Plugins/Runtime/OpenXR/Content/Devices/ValveIndex/BaseTexture.uasset" 485
"../../../Engine/Plugins/Runtime/OpenXR/Content/Devices/ValveIndex/BaseTexture.uexp" 486
"../../../Engine/Plugins/Runtime/OpenXR/Content/Devices/ValveIndex/Left/MI_left_ValveIndex.uasset" 487
"../../../Engine/Plugins/Runtime/OpenXR/Content/Devices/ValveIndex/Left/MI_left_ValveIndex.uexp" 488
"../../../Engine/Plugins/Runtime/OpenXR/Content/Devices/ValveIndex/Left/left_ValveIndexController.uasset" 489
"../../../Engine/Plugins/Runtime/OpenXR/Content/Devices/ValveIndex/Left/left_ValveIndexController.uexp" 490
"../../../Engine/Plugins/Runtime/OpenXR/Content/Devices/ValveIndex/Right/MI_right_ValveIndex.uasset" 491
"../../../Engine/Plugins/Runtime/OpenXR/Content/Devices/ValveIndex/Right/MI_right_ValveIndex.uexp" 492
"../../../Engine/Plugins/Runtime/OpenXR/Content/Devices/ValveIndex/Right/right_ValveIndexController.uasset" 493
"../../../Engine/Plugins/Runtime/OpenXR/Content/Devices/ValveIndex/Right/right_ValveIndexController.uexp" 494
"C:/Users/Nelsonlyx/Documents/UnrealProjects/CampAdv503/Content/Inputs/Actions/IA_VRMoveForward.uasset" 495
"C:/Users/Nelsonlyx/Documents/UnrealProjects/CampAdv503/Content/Inputs/Actions/IA_VRMoveForward.uexp" 496
"C:/Users/Nelsonlyx/Documents/UnrealProjects/CampAdv503/Content/Inputs/Actions/IA_Turn.uasset" 497
"C:/Users/Nelsonlyx/Documents/UnrealProjects/CampAdv503/Content/Inputs/Actions/IA_Turn.uexp" 498
"C:/Users/Nelsonlyx/Documents/UnrealProjects/CampAdv503/Content/Inputs/Actions/IA_Grab_Right.uasset" 499
"C:/Users/Nelsonlyx/Documents/UnrealProjects/CampAdv503/Content/Inputs/Actions/IA_Grab_Right.uexp" 500
"C:/Users/Nelsonlyx/Documents/UnrealProjects/CampAdv503/Content/Blueprints_Arch/HFE_HandHoldRumble.uasset" 501
"C:/Users/Nelsonlyx/Documents/UnrealProjects/CampAdv503/Content/Blueprints_Arch/HFE_HandHoldRumble.uexp" 502
"C:/Users/Nelsonlyx/Documents/UnrealProjects/CampAdv503/Content/Blueprints/BP_HandController.uasset" 503
"C:/Users/Nelsonlyx/Documents/UnrealProjects/CampAdv503/Content/Blueprints/BP_HandController.uexp" 504
"C:/Users/Nelsonlyx/Documents/UnrealProjects/CampAdv503/Content/Inputs/Actions/IA_FaceButtonA.uasset" 505
"C:/Users/Nelsonlyx/Documents/UnrealProjects/CampAdv503/Content/Inputs/Actions/IA_FaceButtonA.uexp" 506
"C:/Users/Nelsonlyx/Documents/UnrealProjects/CampAdv503/Content/Inputs/Actions/IA_VRMoveRight.uasset" 507
"C:/Users/Nelsonlyx/Documents/UnrealProjects/CampAdv503/Content/Inputs/Actions/IA_VRMoveRight.uexp" 508
"../../../Engine/Content/Functions/Engine_MaterialFunctions01/Density/ExponentialDensity.uasset" 509
"../../../Engine/Content/Functions/Engine_MaterialFunctions01/Density/ExponentialDensity.uexp" 510
"../../../Engine/Content/Functions/Engine_MaterialFunctions01/Gradient/RadialGradientExponential.uasset" 511
"../../../Engine/Content/Functions/Engine_MaterialFunctions01/Gradient/RadialGradientExponential.uexp" 512
"C:/Users/Nelsonlyx/Documents/UnrealProjects/CampAdv503/Content/Blueprints_Arch/M_BlinkerMaterial.uasset" 513
"C:/Users/Nelsonlyx/Documents/UnrealProjects/CampAdv503/Content/Blueprints_Arch/M_BlinkerMaterial.uexp" 514
"C:/Users/Nelsonlyx/Documents/UnrealProjects/CampAdv503/Content/Inputs/Actions/IA_Menu_Toggle_Left.uasset" 515
"C:/Users/Nelsonlyx/Documents/UnrealProjects/CampAdv503/Content/Inputs/Actions/IA_Menu_Toggle_Left.uexp" 516
"C:/Users/Nelsonlyx/Documents/UnrealProjects/CampAdv503/Content/Inputs/Actions/IA_Grab_Left.uasset" 517
"C:/Users/Nelsonlyx/Documents/UnrealProjects/CampAdv503/Content/Inputs/Actions/IA_Grab_Left.uexp" 518
"C:/Users/Nelsonlyx/Documents/UnrealProjects/CampAdv503/Content/Inputs/IMC_VRControllers.uasset" 519
"C:/Users/Nelsonlyx/Documents/UnrealProjects/CampAdv503/Content/Inputs/IMC_VRControllers.uexp" 520
"C:/Users/Nelsonlyx/Documents/UnrealProjects/CampAdv503/Content/Curve_RadiusVsVelocity_Float.uasset" 521
"C:/Users/Nelsonlyx/Documents/UnrealProjects/CampAdv503/Content/Curve_RadiusVsVelocity_Float.uexp" 522
"C:/Users/Nelsonlyx/Documents/UnrealProjects/CampAdv503/Content/Blueprints/BP_VRCharacter.uasset" 523
"C:/Users/Nelsonlyx/Documents/UnrealProjects/CampAdv503/Content/Blueprints/BP_VRCharacter.uexp" 524
"C:/Users/Nelsonlyx/Documents/UnrealProjects/CampAdv503/Content/Blueprints/BP_CampAdv503_GMB.uasset" 525
"C:/Users/Nelsonlyx/Documents/UnrealProjects/CampAdv503/Content/Blueprints/BP_CampAdv503_GMB.uexp" 526
"../../../Engine/Content/Functions/Engine_MaterialFunctions02/Utility/BlendAngleCorrectedNormals.uasset" 527
"../../../Engine/Content/Functions/Engine_MaterialFunctions02/Utility/BlendAngleCorrectedNormals.uexp" 528
"../../../Engine/Content/Functions/MaterialLayerFunctions/MatLayerBlend_NormalBlend.uasset" 529
"../../../Engine/Content/Functions/MaterialLayerFunctions/MatLayerBlend_NormalBlend.uexp" 530
"C:/Users/Nelsonlyx/Documents/UnrealProjects/CampAdv503/Content/FirstPersonArms/Character/Materials/MaterialLayers/T_ML_Rubber_Blue_01_N.ubulk" 531
"C:/Users/Nelsonlyx/Documents/UnrealProjects/CampAdv503/Content/FirstPersonArms/Character/Materials/MaterialLayers/T_ML_Rubber_Blue_01_N.uasset" 532
"C:/Users/Nelsonlyx/Documents/UnrealProjects/CampAdv503/Content/FirstPersonArms/Character/Materials/MaterialLayers/T_ML_Rubber_Blue_01_N.uexp" 533
"C:/Users/Nelsonlyx/Documents/UnrealProjects/CampAdv503/Content/FirstPersonArms/Character/Materials/MaterialLayers/T_ML_Rubber_Blue_01_D.ubulk" 534
"C:/Users/Nelsonlyx/Documents/UnrealProjects/CampAdv503/Content/FirstPersonArms/Character/Materials/MaterialLayers/T_ML_Rubber_Blue_01_D.uasset" 535
"C:/Users/Nelsonlyx/Documents/UnrealProjects/CampAdv503/Content/FirstPersonArms/Character/Materials/MaterialLayers/T_ML_Rubber_Blue_01_D.uexp" 536
"C:/Users/Nelsonlyx/Documents/UnrealProjects/CampAdv503/Content/FirstPersonArms/Character/Materials/MaterialLayers/ML_GlossyBlack_Latex_UE4.uasset" 537
"C:/Users/Nelsonlyx/Documents/UnrealProjects/CampAdv503/Content/FirstPersonArms/Character/Materials/MaterialLayers/ML_GlossyBlack_Latex_UE4.uexp" 538
"C:/Users/Nelsonlyx/Documents/UnrealProjects/CampAdv503/Content/FirstPersonArms/Character/Textures/UE4_Mannequin_MAT_MASKA.ubulk" 539
"C:/Users/Nelsonlyx/Documents/UnrealProjects/CampAdv503/Content/FirstPersonArms/Character/Textures/UE4_Mannequin_MAT_MASKA.uasset" 540
"C:/Users/Nelsonlyx/Documents/UnrealProjects/CampAdv503/Content/FirstPersonArms/Character/Textures/UE4_Mannequin_MAT_MASKA.uexp" 541
"C:/Users/Nelsonlyx/Documents/UnrealProjects/CampAdv503/Content/FirstPersonArms/Character/Textures/UE4_LOGO_CARD.ubulk" 542
"C:/Users/Nelsonlyx/Documents/UnrealProjects/CampAdv503/Content/FirstPersonArms/Character/Textures/UE4_LOGO_CARD.uasset" 543
"C:/Users/Nelsonlyx/Documents/UnrealProjects/CampAdv503/Content/FirstPersonArms/Character/Textures/UE4_LOGO_CARD.uexp" 544
"C:/Users/Nelsonlyx/Documents/UnrealProjects/CampAdv503/Content/FirstPersonArms/Character/Materials/MaterialLayers/ML_Plastic_Shiny_Beige_LOGO.uasset" 545
"C:/Users/Nelsonlyx/Documents/UnrealProjects/CampAdv503/Content/FirstPersonArms/Character/Materials/MaterialLayers/ML_Plastic_Shiny_Beige_LOGO.uexp" 546
"../../../Engine/Content/Functions/MaterialLayerFunctions/MatLayerBlend_Simple.uasset" 547
"../../../Engine/Content/Functions/MaterialLayerFunctions/MatLayerBlend_Simple.uexp" 548
"C:/Users/Nelsonlyx/Documents/UnrealProjects/CampAdv503/Content/FirstPersonArms/Character/Materials/MaterialLayers/T_ML_Aluminum01.ubulk" 549
"C:/Users/Nelsonlyx/Documents/UnrealProjects/CampAdv503/Content/FirstPersonArms/Character/Materials/MaterialLayers/T_ML_Aluminum01.uasset" 550
"C:/Users/Nelsonlyx/Documents/UnrealProjects/CampAdv503/Content/FirstPersonArms/Character/Materials/MaterialLayers/T_ML_Aluminum01.uexp" 551
"C:/Users/Nelsonlyx/Documents/UnrealProjects/CampAdv503/Content/FirstPersonArms/Character/Materials/MaterialLayers/T_ML_Aluminum01_N.ubulk" 552
"C:/Users/Nelsonlyx/Documents/UnrealProjects/CampAdv503/Content/FirstPersonArms/Character/Materials/MaterialLayers/T_ML_Aluminum01_N.uasset" 553
"C:/Users/Nelsonlyx/Documents/UnrealProjects/CampAdv503/Content/FirstPersonArms/Character/Materials/MaterialLayers/T_ML_Aluminum01_N.uexp" 554
"C:/Users/Nelsonlyx/Documents/UnrealProjects/CampAdv503/Content/FirstPersonArms/Character/Materials/MaterialLayers/ML_SoftMetal_UE4.uasset" 555
"C:/Users/Nelsonlyx/Documents/UnrealProjects/CampAdv503/Content/FirstPersonArms/Character/Materials/MaterialLayers/ML_SoftMetal_UE4.uexp" 556
"C:/Users/Nelsonlyx/Documents/UnrealProjects/CampAdv503/Content/FirstPersonArms/Character/Materials/MaterialLayers/ML_Plastic_Shiny_Beige.uasset" 557
"C:/Users/Nelsonlyx/Documents/UnrealProjects/CampAdv503/Content/FirstPersonArms/Character/Materials/MaterialLayers/ML_Plastic_Shiny_Beige.uexp" 558
"C:/Users/Nelsonlyx/Documents/UnrealProjects/CampAdv503/Content/FirstPersonArms/Character/Textures/UE4_Mannequin__normals.ubulk" 559
"C:/Users/Nelsonlyx/Documents/UnrealProjects/CampAdv503/Content/FirstPersonArms/Character/Textures/UE4_Mannequin__normals.uasset" 560
"C:/Users/Nelsonlyx/Documents/UnrealProjects/CampAdv503/Content/FirstPersonArms/Character/Textures/UE4_Mannequin__normals.uexp" 561
"C:/Users/Nelsonlyx/Documents/UnrealProjects/CampAdv503/Content/FirstPersonArms/Character/Materials/M_UE4Man_Body.uasset" 562
"C:/Users/Nelsonlyx/Documents/UnrealProjects/CampAdv503/Content/FirstPersonArms/Character/Materials/M_UE4Man_Body.uexp" 563
"C:/Users/Nelsonlyx/Documents/UnrealProjects/CampAdv503/Content/FirstPersonArms/Character/Mesh/SK_Mannequin_Arms_PhysicsAsset.uasset" 564
"C:/Users/Nelsonlyx/Documents/UnrealProjects/CampAdv503/Content/FirstPersonArms/Character/Mesh/SK_Mannequin_Arms_PhysicsAsset.uexp" 565
"C:/Users/Nelsonlyx/Documents/UnrealProjects/CampAdv503/Content/FirstPersonArms/Character/Mesh/SK_Mannequin_Arms_Skeleton.uasset" 566
"C:/Users/Nelsonlyx/Documents/UnrealProjects/CampAdv503/Content/FirstPersonArms/Character/Mesh/SK_Mannequin_Arms_Skeleton.uexp" 567
"C:/Users/Nelsonlyx/Documents/UnrealProjects/CampAdv503/Content/FirstPersonArms/Character/Mesh/SK_Mannequin_Arms.uasset" 568
"C:/Users/Nelsonlyx/Documents/UnrealProjects/CampAdv503/Content/FirstPersonArms/Character/Mesh/SK_Mannequin_Arms.uexp" 569
"../../../Engine/Content/Animation/DefaultAnimCurveCompressionSettings.uasset" 570
"../../../Engine/Content/Animation/DefaultAnimCurveCompressionSettings.uexp" 571
"../../../Engine/Content/Animation/DefaultAnimBoneCompressionSettings.uasset" 572
"../../../Engine/Content/Animation/DefaultAnimBoneCompressionSettings.uexp" 573
"C:/Users/Nelsonlyx/Documents/UnrealProjects/CampAdv503/Content/FirstPersonArms/Animations/FirstPerson_JumpLoop.uasset" 574
"C:/Users/Nelsonlyx/Documents/UnrealProjects/CampAdv503/Content/FirstPersonArms/Animations/FirstPerson_JumpLoop.uexp" 575
"C:/Users/Nelsonlyx/Documents/UnrealProjects/CampAdv503/Content/FirstPersonArms/Animations/FirstPerson_Run.uasset" 576
"C:/Users/Nelsonlyx/Documents/UnrealProjects/CampAdv503/Content/FirstPersonArms/Animations/FirstPerson_Run.uexp" 577
"C:/Users/Nelsonlyx/Documents/UnrealProjects/CampAdv503/Content/FirstPersonArms/Animations/FirstPerson_JumpEnd.uasset" 578
"C:/Users/Nelsonlyx/Documents/UnrealProjects/CampAdv503/Content/FirstPersonArms/Animations/FirstPerson_JumpEnd.uexp" 579
"C:/Users/Nelsonlyx/Documents/UnrealProjects/CampAdv503/Content/FirstPersonArms/Animations/FirstPerson_Idle.uasset" 580
"C:/Users/Nelsonlyx/Documents/UnrealProjects/CampAdv503/Content/FirstPersonArms/Animations/FirstPerson_Idle.uexp" 581
"C:/Users/Nelsonlyx/Documents/UnrealProjects/CampAdv503/Content/FirstPersonArms/Animations/FirstPerson_JumpStart.uasset" 582
"C:/Users/Nelsonlyx/Documents/UnrealProjects/CampAdv503/Content/FirstPersonArms/Animations/FirstPerson_JumpStart.uexp" 583
"C:/Users/Nelsonlyx/Documents/UnrealProjects/CampAdv503/Content/FirstPersonArms/Animations/FirstPerson_AnimBP.uasset" 584
"C:/Users/Nelsonlyx/Documents/UnrealProjects/CampAdv503/Content/FirstPersonArms/Animations/FirstPerson_AnimBP.uexp" 585
"C:/Users/Nelsonlyx/Documents/UnrealProjects/CampAdv503/Content/FirstPerson/Blueprints/BP_FirstPersonCharacter.uasset" 586
"C:/Users/Nelsonlyx/Documents/UnrealProjects/CampAdv503/Content/FirstPerson/Blueprints/BP_FirstPersonCharacter.uexp" 587
"C:/Users/Nelsonlyx/Documents/UnrealProjects/CampAdv503/Content/LevelPrototyping/Textures/T_GridChecker_A.ubulk" 588
"C:/Users/Nelsonlyx/Documents/UnrealProjects/CampAdv503/Content/LevelPrototyping/Textures/T_GridChecker_A.uasset" 589
"C:/Users/Nelsonlyx/Documents/UnrealProjects/CampAdv503/Content/LevelPrototyping/Textures/T_GridChecker_A.uexp" 590
"../../../Engine/Content/Functions/Engine_MaterialFunctions01/Gradient/LinearGradient.uasset" 591
"../../../Engine/Content/Functions/Engine_MaterialFunctions01/Gradient/LinearGradient.uexp" 592
"../../../Engine/Content/Functions/Engine_MaterialFunctions01/ImageAdjustment/CheapContrast.uasset" 593
"../../../Engine/Content/Functions/Engine_MaterialFunctions01/ImageAdjustment/CheapContrast.uexp" 594
"C:/Users/Nelsonlyx/Documents/UnrealProjects/CampAdv503/Content/LevelPrototyping/Materials/MF_ProcGrid.uasset" 595
"C:/Users/Nelsonlyx/Documents/UnrealProjects/CampAdv503/Content/LevelPrototyping/Materials/MF_ProcGrid.uexp" 596
"C:/Users/Nelsonlyx/Documents/UnrealProjects/CampAdv503/Content/LevelPrototyping/Materials/M_PrototypeGrid.uasset" 597
"C:/Users/Nelsonlyx/Documents/UnrealProjects/CampAdv503/Content/LevelPrototyping/Materials/M_PrototypeGrid.uexp" 598
"C:/Users/Nelsonlyx/Documents/UnrealProjects/CampAdv503/Content/LevelPrototyping/Materials/MI_PrototypeGrid_TopDark.uasset" 599
"C:/Users/Nelsonlyx/Documents/UnrealProjects/CampAdv503/Content/LevelPrototyping/Materials/MI_PrototypeGrid_TopDark.uexp" 600
"C:/Users/Nelsonlyx/Documents/UnrealProjects/CampAdv503/Content/LevelPrototyping/Materials/MI_PrototypeGrid_Gray.uasset" 601
"C:/Users/Nelsonlyx/Documents/UnrealProjects/CampAdv503/Content/LevelPrototyping/Materials/MI_PrototypeGrid_Gray.uexp" 602
"C:/Users/Nelsonlyx/Documents/UnrealProjects/CampAdv503/Content/LevelPrototyping/Meshes/SM_Ramp.uasset" 603
"C:/Users/Nelsonlyx/Documents/UnrealProjects/CampAdv503/Content/LevelPrototyping/Meshes/SM_Ramp.uexp" 604
"C:/Users/Nelsonlyx/Documents/UnrealProjects/CampAdv503/Content/LevelPrototyping/Meshes/SM_QuarterCylinder.uasset" 605
"C:/Users/Nelsonlyx/Documents/UnrealProjects/CampAdv503/Content/LevelPrototyping/Meshes/SM_QuarterCylinder.uexp" 606
"C:/Users/Nelsonlyx/Documents/UnrealProjects/CampAdv503/Content/LevelPrototyping/Meshes/SM_Cube.uasset" 607
"C:/Users/Nelsonlyx/Documents/UnrealProjects/CampAdv503/Content/LevelPrototyping/Meshes/SM_Cube.uexp" 608
"C:/Users/Nelsonlyx/Documents/UnrealProjects/CampAdv503/Content/LevelPrototyping/Materials/M_Solid.uasset" 609
"C:/Users/Nelsonlyx/Documents/UnrealProjects/CampAdv503/Content/LevelPrototyping/Materials/M_Solid.uexp" 610
"C:/Users/Nelsonlyx/Documents/UnrealProjects/CampAdv503/Content/LevelPrototyping/Materials/MI_Solid_Blue.uasset" 611
"C:/Users/Nelsonlyx/Documents/UnrealProjects/CampAdv503/Content/LevelPrototyping/Materials/MI_Solid_Blue.uexp" 612
"C:/Users/Nelsonlyx/Documents/UnrealProjects/CampAdv503/Content/LevelPrototyping/Meshes/SM_ChamferCube.uasset" 613
"C:/Users/Nelsonlyx/Documents/UnrealProjects/CampAdv503/Content/LevelPrototyping/Meshes/SM_ChamferCube.uexp" 614
"C:/Users/Nelsonlyx/Documents/UnrealProjects/CampAdv503/Content/MigratedVRTemp/NPC_VRTemplate.uasset" 615
"C:/Users/Nelsonlyx/Documents/UnrealProjects/CampAdv503/Content/MigratedVRTemp/NPC_VRTemplate.uexp" 616
"../../../Engine/Content/Maps/Entry_BuiltData.uasset" 617
"../../../Engine/Content/Maps/Entry_BuiltData.uexp" 618
"../../../Engine/Content/Maps/Entry.uexp" 619
"../../../Engine/Content/Maps/Entry.umap" 620
"../../../Engine/Content/Maps/Templates/HLODs/HLODLayer_Instanced.uasset" 621
"../../../Engine/Content/Maps/Templates/HLODs/HLODLayer_Instanced.uexp" 622
"C:/Users/Nelsonlyx/Documents/UnrealProjects/CampAdv503/Content/FirstPerson/Maps/FirstPersonMap.uexp" 623
"C:/Users/Nelsonlyx/Documents/UnrealProjects/CampAdv503/Content/FirstPerson/Maps/FirstPersonMap.umap" 624
"../../../Engine/Content/EngineMaterials/BlendFunc_DefBlend.uasset" 625
"../../../Engine/Content/EngineMaterials/BlendFunc_DefBlend.uexp" 626
"../../../Engine/Content/EngineMaterials/BlendFunc_DefBase.uasset" 627
"../../../Engine/Content/EngineMaterials/BlendFunc_DefBase.uexp" 628
"../../../Engine/Content/Functions/Engine_MaterialFunctions03/Blends/Blend_Overlay.uasset" 629
"../../../Engine/Content/Functions/Engine_MaterialFunctions03/Blends/Blend_Overlay.uexp" 630
"../../../Engine/Content/OpenWorldTemplate/LandscapeMaterial/T_GridChecker_A.ubulk" 631
"../../../Engine/Content/OpenWorldTemplate/LandscapeMaterial/T_GridChecker_A.uasset" 632
"../../../Engine/Content/OpenWorldTemplate/LandscapeMaterial/T_GridChecker_A.uexp" 633
"../../../Engine/Content/OpenWorldTemplate/LandscapeMaterial/MF_ProcGrid.uasset" 634
"../../../Engine/Content/OpenWorldTemplate/LandscapeMaterial/MF_ProcGrid.uexp" 635
"../../../Engine/Content/OpenWorldTemplate/LandscapeMaterial/M_ProcGrid.uasset" 636
"../../../Engine/Content/OpenWorldTemplate/LandscapeMaterial/M_ProcGrid.uexp" 637
"../../../Engine/Content/OpenWorldTemplate/LandscapeMaterial/MI_ProcGrid.uasset" 638
"../../../Engine/Content/OpenWorldTemplate/LandscapeMaterial/MI_ProcGrid.uexp" 639
"C:/Users/Nelsonlyx/Documents/UnrealProjects/CampAdv503/Content/Maps/MainBlockout_BuiltData.ubulk" 640
"C:/Users/Nelsonlyx/Documents/UnrealProjects/CampAdv503/Content/Maps/MainBlockout_BuiltData.uasset" 641
"C:/Users/Nelsonlyx/Documents/UnrealProjects/CampAdv503/Content/Maps/MainBlockout_BuiltData.uexp" 642
"../../../Engine/Content/EngineSky/T_Sky_Stars.ubulk" 643
"../../../Engine/Content/EngineSky/T_Sky_Stars.uasset" 644
"../../../Engine/Content/EngineSky/T_Sky_Stars.uexp" 645
"../../../Engine/Content/EngineSky/T_Sky_Clouds_M.ubulk" 646
"../../../Engine/Content/EngineSky/T_Sky_Clouds_M.uasset" 647
"../../../Engine/Content/EngineSky/T_Sky_Clouds_M.uexp" 648
"../../../Engine/Content/EngineSky/T_Sky_Blue.ubulk" 649
"../../../Engine/Content/EngineSky/T_Sky_Blue.uasset" 650
"../../../Engine/Content/EngineSky/T_Sky_Blue.uexp" 651
"../../../Engine/Content/EngineSky/M_Sky_Panning_Clouds2.uasset" 652
"../../../Engine/Content/EngineSky/M_Sky_Panning_Clouds2.uexp" 653
"../../../Engine/Content/EngineSky/SM_SkySphere.uasset" 654
"../../../Engine/Content/EngineSky/SM_SkySphere.uexp" 655
"../../../Engine/Content/MapTemplates/SM_Template_Map_Floor.uasset" 656
"../../../Engine/Content/MapTemplates/SM_Template_Map_Floor.uexp" 657
"C:/Users/Nelsonlyx/Documents/UnrealProjects/CampAdv503/Content/Blueprints/BP_Zipline.uasset" 658
"C:/Users/Nelsonlyx/Documents/UnrealProjects/CampAdv503/Content/Blueprints/BP_Zipline.uexp" 659
"../../../Engine/Content/EngineSky/M_SimpleSkyDome.uasset" 660
"../../../Engine/Content/EngineSky/M_SimpleSkyDome.uexp" 661
"C:/Users/Nelsonlyx/Documents/UnrealProjects/CampAdv503/Content/Maps/MainBlockout.uexp" 662
"C:/Users/Nelsonlyx/Documents/UnrealProjects/CampAdv503/Content/Maps/MainBlockout.umap" 663
